<?xml version="1.0" encoding="utf-8"?>
<TestRun id="e16a886d-58ac-4895-903a-5bbebcb32f50" name="abdal@ABDALLA 2026-07-21 05:35:14" runUser="ABDALLA\abdal" xmlns="http://microsoft.com/schemas/VisualStudio/TeamTest/2010">
  <Times creation="2026-07-21T05:35:14.3990154+03:00" queuing="2026-07-21T05:35:14.3990158+03:00" start="2026-07-21T05:35:06.9553640+03:00" finish="2026-07-21T05:35:15.9219180+03:00" />
  <TestSettings name="default" id="29dfa611-2d6e-40b0-9c70-b45a032feb84">
    <Deployment runDeploymentRoot="abdal_ABDALLA_2026-07-21_05_35_14" />
  </TestSettings>
  <Results>
    <UnitTestResult executionId="7c0175ef-4df3-4963-972b-166f5d60f0e0" testId="884b7b75-7c03-b44a-d669-a22012ec0820" testName="ClinicMS.Web.Tests.PatientCycleSessionTests.RecordCyclePayment_ExceedingRemainingBalance_Throws" computerName="ABDALLA" duration="00:00:00.0186601" startTime="2026-07-21T05:35:15.3564270+03:00" endTime="2026-07-21T05:35:15.3746326+03:00" testType="13cdc9d9-ddb5-4fa4-a97d-d965ccfc6d4b" outcome="Passed" testListId="8c84fa94-04c1-424b-9868-57a2d4851a1d" relativeResultsDirectory="7c0175ef-4df3-4963-972b-166f5d60f0e0" />
    <UnitTestResult executionId="cc5c9fe1-6b54-433a-ac67-434accc21ad3" testId="14d23f10-7265-075e-d989-c67efc2f9c1c" testName="ClinicMS.Web.Tests.SmsGatewaySecretMaskingTests.GetConfigurations_NeverReturnsTheRealSecretValues" computerName="ABDALLA" duration="00:00:00.0099206" startTime="2026-07-21T05:35:14.5977710+03:00" endTime="2026-07-21T05:35:14.6076641+03:00" testType="13cdc9d9-ddb5-4fa4-a97d-d965ccfc6d4b" outcome="Passed" testListId="8c84fa94-04c1-424b-9868-57a2d4851a1d" relativeResultsDirectory="cc5c9fe1-6b54-433a-ac67-434accc21ad3" />
    <UnitTestResult executionId="dbd14b69-ffef-4c62-85c7-10bdaded8ddd" testId="adac668d-3249-30fe-e85f-61c3089e9e43" testName="ClinicMS.Web.Tests.RequirePermissionFilterTests.NonAdminWithGrantedPermission_Proceeds" computerName="ABDALLA" duration="00:00:00.0028777" startTime="2026-07-21T05:35:14.9238750+03:00" endTime="2026-07-21T05:35:14.9263374+03:00" testType="13cdc9d9-ddb5-4fa4-a97d-d965ccfc6d4b" outcome="Passed" testListId="8c84fa94-04c1-424b-9868-57a2d4851a1d" relativeResultsDirectory="dbd14b69-ffef-4c62-85c7-10bdaded8ddd" />
    <UnitTestResult executionId="9d37b255-d1db-4e03-819f-e771bc8e5d3c" testId="7375538e-4ff0-6623-9447-5f389b6041d4" testName="ClinicMS.Web.Tests.PaymentsApiClientTests.GetOutstandingInvoices_OnlyReturnsInvoicesWithAPositiveBalance" computerName="ABDALLA" duration="00:00:00.1854557" startTime="2026-07-21T05:35:14.3271649+03:00" endTime="2026-07-21T05:35:14.5164007+03:00" testType="13cdc9d9-ddb5-4fa4-a97d-d965ccfc6d4b" outcome="Passed" testListId="8c84fa94-04c1-424b-9868-57a2d4851a1d" relativeResultsDirectory="9d37b255-d1db-4e03-819f-e771bc8e5d3c" />
    <UnitTestResult executionId="15d7d2be-2ec0-4cd8-a9b7-1dd3303ec48a" testId="a7781823-73d4-8fd4-0580-31a3caa63328" testName="ClinicMS.Web.Tests.ExpensesBudgetTests.CreateAsync_WithinBudget_Succeeds" computerName="ABDALLA" duration="00:00:00.0048157" startTime="2026-07-21T05:35:14.3691839+03:00" endTime="2026-07-21T05:35:14.3720033+03:00" testType="13cdc9d9-ddb5-4fa4-a97d-d965ccfc6d4b" outcome="Passed" testListId="8c84fa94-04c1-424b-9868-57a2d4851a1d" relativeResultsDirectory="15d7d2be-2ec0-4cd8-a9b7-1dd3303ec48a" />
    <UnitTestResult executionId="9f24b226-9473-49c1-9c37-5a7ade4f9551" testId="413d283f-ada7-3053-c6ba-cfbc1862c4aa" testName="ClinicMS.Web.Tests.PatientCycleSessionTests.CompleteSession_AlreadyCompleted_Throws" computerName="ABDALLA" duration="00:00:00.0179181" startTime="2026-07-21T05:35:15.3383509+03:00" endTime="2026-07-21T05:35:15.3558332+03:00" testType="13cdc9d9-ddb5-4fa4-a97d-d965ccfc6d4b" outcome="Passed" testListId="8c84fa94-04c1-424b-9868-57a2d4851a1d" relativeResultsDirectory="9f24b226-9473-49c1-9c37-5a7ade4f9551" />
    <UnitTestResult executionId="1b276226-0b02-428e-9f93-7e94d64aa1c8" testId="18ea0685-e5ed-e48b-fd70-f141b8d96604" testName="ClinicMS.Web.Tests.PatientCycleSessionTests.CompleteSession_FixedPackageDepositBalanceMode_MarksCompletedWithoutChargingAgain" computerName="ABDALLA" duration="00:00:00.0362428" startTime="2026-07-21T05:35:15.3019219+03:00" endTime="2026-07-21T05:35:15.3377412+03:00" testType="13cdc9d9-ddb5-4fa4-a97d-d965ccfc6d4b" outcome="Passed" testListId="8c84fa94-04c1-424b-9868-57a2d4851a1d" relativeResultsDirectory="1b276226-0b02-428e-9f93-7e94d64aa1c8" />
    <UnitTestResult executionId="c7c4a8df-638b-4b75-ae18-15682a8aaaf5" testId="31e127a4-dc0b-3cf9-157a-90f75f958629" testName="ClinicMS.Web.Tests.RequirePermissionFilterTests.NonAdminWithViewButNotDelete_DeniedOnlyForDelete" computerName="ABDALLA" duration="00:00:00.1817485" startTime="2026-07-21T05:35:14.7249058+03:00" endTime="2026-07-21T05:35:14.9043171+03:00" testType="13cdc9d9-ddb5-4fa4-a97d-d965ccfc6d4b" outcome="Passed" testListId="8c84fa94-04c1-424b-9868-57a2d4851a1d" relativeResultsDirectory="c7c4a8df-638b-4b75-ae18-15682a8aaaf5" />
    <UnitTestResult executionId="60e2cfee-c839-401e-b091-c2225e0c043e" testId="0e0846d5-2226-7e43-b16e-c573a1d00000" testName="ClinicMS.Web.Tests.PurchaseOrderTests.ChangingStatusOfAnAlreadyReceivedOrder_Throws" computerName="ABDALLA" duration="00:00:00.0361173" startTime="2026-07-21T05:35:15.2848060+03:00" endTime="2026-07-21T05:35:15.3202924+03:00" testType="13cdc9d9-ddb5-4fa4-a97d-d965ccfc6d4b" outcome="Passed" testListId="8c84fa94-04c1-424b-9868-57a2d4851a1d" relativeResultsDirectory="60e2cfee-c839-401e-b091-c2225e0c043e" />
    <UnitTestResult executionId="c9406b56-2fe7-4426-af19-849797ac12e2" testId="07975943-3c7a-38f0-a3b3-cdc9fa0df07c" testName="ClinicMS.Web.Tests.PatientCycleSessionTests.CompleteSession_PerVisit_RecomputesVatFromClinicSettingsRegardlessOfClient" computerName="ABDALLA" duration="00:00:00.0288684" startTime="2026-07-21T05:35:15.2749977+03:00" endTime="2026-07-21T05:35:15.3013409+03:00" testType="13cdc9d9-ddb5-4fa4-a97d-d965ccfc6d4b" outcome="Passed" testListId="8c84fa94-04c1-424b-9868-57a2d4851a1d" relativeResultsDirectory="c9406b56-2fe7-4426-af19-849797ac12e2" />
    <UnitTestResult executionId="97d0f9c8-0666-46c6-9a27-eafa851718da" testId="4cb2aa50-08d6-698a-7610-432ae6ae4854" testName="ClinicMS.Web.Tests.PatientCycleSessionTests.CompleteSession_FixedPackagePerSession_SplitsPriceEvenlyAcrossSessions" computerName="ABDALLA" duration="00:00:00.6494042" startTime="2026-07-21T05:35:14.4331731+03:00" endTime="2026-07-21T05:35:15.0841508+03:00" testType="13cdc9d9-ddb5-4fa4-a97d-d965ccfc6d4b" outcome="Passed" testListId="8c84fa94-04c1-424b-9868-57a2d4851a1d" relativeResultsDirectory="97d0f9c8-0666-46c6-9a27-eafa851718da" />
    <UnitTestResult executionId="bf9137ad-fae4-45c8-b521-c9947a01ddcd" testId="1c7bd097-2920-139e-24d9-5d0a811a399e" testName="ClinicMS.Web.Tests.PatientCycleSessionTests.CompleteSession_FixedPackagePerSession_LastSessionAbsorbsRoundingRemainder" computerName="ABDALLA" duration="00:00:00.0450397" startTime="2026-07-21T05:35:15.4595569+03:00" endTime="2026-07-21T05:35:15.5041817+03:00" testType="13cdc9d9-ddb5-4fa4-a97d-d965ccfc6d4b" outcome="Passed" testListId="8c84fa94-04c1-424b-9868-57a2d4851a1d" relativeResultsDirectory="bf9137ad-fae4-45c8-b521-c9947a01ddcd" />
    <UnitTestResult executionId="91348feb-242a-4360-842c-995c51d92b0a" testId="decfe989-16fc-0716-d904-f6e5f51fd0fe" testName="ClinicMS.Web.Tests.PatientCycleSessionTests.CompleteSession_VatDisabledInSettings_ChargesNoVatEvenIfServicePriceIsRound" computerName="ABDALLA" duration="00:00:00.0350353" startTime="2026-07-21T05:35:15.5244764+03:00" endTime="2026-07-21T05:35:15.5589874+03:00" testType="13cdc9d9-ddb5-4fa4-a97d-d965ccfc6d4b" outcome="Passed" testListId="8c84fa94-04c1-424b-9868-57a2d4851a1d" relativeResultsDirectory="91348feb-242a-4360-842c-995c51d92b0a" />
    <UnitTestResult executionId="dcad0864-5254-4a6c-a744-3b26adc75fc1" testId="b7ae8a0c-89bf-f912-bb43-e2f2e0189024" testName="ClinicMS.Web.Tests.PatientCycleSessionTests.CompleteSession_MissingPaymentMethod_Throws" computerName="ABDALLA" duration="00:00:00.1880732" startTime="2026-07-21T05:35:15.0847696+03:00" endTime="2026-07-21T05:35:15.2723138+03:00" testType="13cdc9d9-ddb5-4fa4-a97d-d965ccfc6d4b" outcome="Passed" testListId="8c84fa94-04c1-424b-9868-57a2d4851a1d" relativeResultsDirectory="dcad0864-5254-4a6c-a744-3b26adc75fc1" />
    <UnitTestResult executionId="d7fce747-4445-42ef-a1dd-276a4d2aeb3c" testId="9705fa79-9a6f-d7ac-79f7-6527325d91d0" testName="ClinicMS.Web.Tests.ExpensesBudgetTests.CreateAsync_ExceedingRemainingBudget_Throws" computerName="ABDALLA" duration="00:00:00.0090948" startTime="2026-07-21T05:35:14.3261993+03:00" endTime="2026-07-21T05:35:14.3348396+03:00" testType="13cdc9d9-ddb5-4fa4-a97d-d965ccfc6d4b" outcome="Passed" testListId="8c84fa94-04c1-424b-9868-57a2d4851a1d" relativeResultsDirectory="d7fce747-4445-42ef-a1dd-276a4d2aeb3c" />
    <UnitTestResult executionId="fd4283e0-e952-4737-9559-ed34d99d8ea3" testId="6a820168-94e9-e366-df41-4c0757077d48" testName="ClinicMS.Web.Tests.RequirePermissionFilterTests.SuperAdmin_AlwaysProceeds_RegardlessOfPermissionRows" computerName="ABDALLA" duration="00:00:00.0029133" startTime="2026-07-21T05:35:14.9173681+03:00" endTime="2026-07-21T05:35:14.9203491+03:00" testType="13cdc9d9-ddb5-4fa4-a97d-d965ccfc6d4b" outcome="Passed" testListId="8c84fa94-04c1-424b-9868-57a2d4851a1d" relativeResultsDirectory="fd4283e0-e952-4737-9559-ed34d99d8ea3" />
    <UnitTestResult executionId="8193c558-b8b1-43b4-ae0d-263c03fba486" testId="c9ba3bce-ec3a-2ce0-88e3-13fd7548fa33" testName="ClinicMS.Web.Tests.RequirePermissionFilterTests.NonAdminWithNoPermissionRow_PostRequest_Returns403Json" computerName="ABDALLA" duration="00:00:00.0111683" startTime="2026-07-21T05:35:14.9049213+03:00" endTime="2026-07-21T05:35:14.9158709+03:00" testType="13cdc9d9-ddb5-4fa4-a97d-d965ccfc6d4b" outcome="Passed" testListId="8c84fa94-04c1-424b-9868-57a2d4851a1d" relativeResultsDirectory="8193c558-b8b1-43b4-ae0d-263c03fba486" />
    <UnitTestResult executionId="7c9b999b-e805-4c73-868b-93da3fbd8550" testId="6d2a20a5-9116-7db9-a1a2-ea35cb5fb752" testName="ClinicMS.Web.Tests.SmsGatewaySecretMaskingTests.UpdateConfiguration_SubmittingARealNewSecret_OverwritesTheStoredOne" computerName="ABDALLA" duration="00:00:00.0053805" startTime="2026-07-21T05:35:14.5916471+03:00" endTime="2026-07-21T05:35:14.5971282+03:00" testType="13cdc9d9-ddb5-4fa4-a97d-d965ccfc6d4b" outcome="Passed" testListId="8c84fa94-04c1-424b-9868-57a2d4851a1d" relativeResultsDirectory="7c9b999b-e805-4c73-868b-93da3fbd8550" />
    <UnitTestResult executionId="c410be56-44ff-47be-a0ee-1d9fc19d7ab1" testId="44b72fd1-6d6c-937f-1cf6-757450b97b84" testName="ClinicMS.Web.Tests.PaymentsApiClientTests.CreatePayment_PartialAmount_LeavesBalanceDueAndMarksPartial" computerName="ABDALLA" duration="00:00:00.0753378" startTime="2026-07-21T05:35:14.6093030+03:00" endTime="2026-07-21T05:35:14.6834825+03:00" testType="13cdc9d9-ddb5-4fa4-a97d-d965ccfc6d4b" outcome="Passed" testListId="8c84fa94-04c1-424b-9868-57a2d4851a1d" relativeResultsDirectory="c410be56-44ff-47be-a0ee-1d9fc19d7ab1" />
    <UnitTestResult executionId="af91adb1-23ff-4084-8ee5-08c95789ce4c" testId="1f47f220-bbb6-182a-d944-677f6e1deb24" testName="ClinicMS.Web.Tests.ExpensesBudgetTests.CreateAsync_ZeroBudget_IsUnrestricted" computerName="ABDALLA" duration="00:00:00.0046376" startTime="2026-07-21T05:35:14.3611215+03:00" endTime="2026-07-21T05:35:14.3683075+03:00" testType="13cdc9d9-ddb5-4fa4-a97d-d965ccfc6d4b" outcome="Passed" testListId="8c84fa94-04c1-424b-9868-57a2d4851a1d" relativeResultsDirectory="af91adb1-23ff-4084-8ee5-08c95789ce4c" />
    <UnitTestResult executionId="00735ee1-2a4f-42c2-9ea5-3633af542753" testId="b169eac8-f6e3-186d-ddaf-ce1377633177" testName="ClinicMS.Web.Tests.ExpensesBudgetTests.UpdateAsync_ExcludesItsOwnPriorAmountFromTheBudgetCheck" computerName="ABDALLA" duration="00:00:02.9278664" startTime="2026-07-21T05:35:11.4668282+03:00" endTime="2026-07-21T05:35:14.3207856+03:00" testType="13cdc9d9-ddb5-4fa4-a97d-d965ccfc6d4b" outcome="Passed" testListId="8c84fa94-04c1-424b-9868-57a2d4851a1d" relativeResultsDirectory="00735ee1-2a4f-42c2-9ea5-3633af542753" />
    <UnitTestResult executionId="f388fbc2-8f80-4c8a-8de5-1d5086f9cb58" testId="2989c8dc-38d0-f962-0f07-8ea3632829d8" testName="ClinicMS.Web.Tests.DiscountOverlapTests.CreateDiscount_EndDateBeforeStartDate_Throws" computerName="ABDALLA" duration="00:00:00.0029206" startTime="2026-07-21T05:35:14.3707279+03:00" endTime="2026-07-21T05:35:14.3712514+03:00" testType="13cdc9d9-ddb5-4fa4-a97d-d965ccfc6d4b" outcome="Passed" testListId="8c84fa94-04c1-424b-9868-57a2d4851a1d" relativeResultsDirectory="f388fbc2-8f80-4c8a-8de5-1d5086f9cb58" />
    <UnitTestResult executionId="8b5af440-dded-4721-bfb7-42796bbe3382" testId="256662f4-909d-23d3-9523-56927085d36d" testName="ClinicMS.Web.Tests.PurchaseOrderTests.PurchaseReturn_OnANonReceivedOrder_Throws" computerName="ABDALLA" duration="00:00:00.0113418" startTime="2026-07-21T05:35:15.6888446+03:00" endTime="2026-07-21T05:35:15.6996781+03:00" testType="13cdc9d9-ddb5-4fa4-a97d-d965ccfc6d4b" outcome="Passed" testListId="8c84fa94-04c1-424b-9868-57a2d4851a1d" relativeResultsDirectory="8b5af440-dded-4721-bfb7-42796bbe3382" />
    <UnitTestResult executionId="f92cb6e4-fe5d-4b6b-b125-a24b4c9bdac1" testId="311fa0fe-481e-b95a-e881-24eb590af469" testName="ClinicMS.Web.Tests.PatientCycleSessionTests.CompleteSession_PaidAmountExceedingNetAmount_Throws" computerName="ABDALLA" duration="00:00:00.0085361" startTime="2026-07-21T05:35:15.3752401+03:00" endTime="2026-07-21T05:35:15.3833269+03:00" testType="13cdc9d9-ddb5-4fa4-a97d-d965ccfc6d4b" outcome="Passed" testListId="8c84fa94-04c1-424b-9868-57a2d4851a1d" relativeResultsDirectory="f92cb6e4-fe5d-4b6b-b125-a24b4c9bdac1" />
    <UnitTestResult executionId="83c0d693-2e5b-4ec0-8ccf-a2e021fe88e1" testId="60ca0166-1265-1af4-7525-dd0e958fc622" testName="ClinicMS.Web.Tests.PaymentsApiClientTests.GetAccountBreakdown_GroupsIncomeAndExpenseByAccountAndComputesNet" computerName="ABDALLA" duration="00:00:00.0954798" startTime="2026-07-21T05:35:14.5219870+03:00" endTime="2026-07-21T05:35:14.6087298+03:00" testType="13cdc9d9-ddb5-4fa4-a97d-d965ccfc6d4b" outcome="Passed" testListId="8c84fa94-04c1-424b-9868-57a2d4851a1d" relativeResultsDirectory="83c0d693-2e5b-4ec0-8ccf-a2e021fe88e1" />
    <UnitTestResult executionId="a3358a63-13c6-4283-9beb-f0538f602746" testId="ca2a4dc4-65b7-4172-922b-f44c30a28d75" testName="ClinicMS.Web.Tests.SmsGatewaySecretMaskingTests.UpdateConfiguration_SubmittingTheMaskedPlaceholderBack_PreservesTheRealSecret" computerName="ABDALLA" duration="00:00:00.2014761" startTime="2026-07-21T05:35:14.3968162+03:00" endTime="2026-07-21T05:35:14.5888664+03:00" testType="13cdc9d9-ddb5-4fa4-a97d-d965ccfc6d4b" outcome="Passed" testListId="8c84fa94-04c1-424b-9868-57a2d4851a1d" relativeResultsDirectory="a3358a63-13c6-4283-9beb-f0538f602746" />
    <UnitTestResult executionId="3079a224-6dfb-4c3c-9308-72dd989d2265" testId="c727fba3-0412-3867-66c9-b2797bc212e5" testName="ClinicMS.Web.Tests.RequirePermissionFilterTests.NoLoggedInUser_RedirectsToLogin_AndDoesNotProceed" computerName="ABDALLA" duration="00:00:00.0239994" startTime="2026-07-21T05:35:14.6985446+03:00" endTime="2026-07-21T05:35:14.7224067+03:00" testType="13cdc9d9-ddb5-4fa4-a97d-d965ccfc6d4b" outcome="Passed" testListId="8c84fa94-04c1-424b-9868-57a2d4851a1d" relativeResultsDirectory="3079a224-6dfb-4c3c-9308-72dd989d2265" />
    <UnitTestResult executionId="9c873982-f6f2-4022-8a21-72fd6198c3ee" testId="96ba34e6-5102-ce59-ecef-b975383e6978" testName="ClinicMS.Web.Tests.ExpensesBudgetTests.CreateAsync_ExactlyAtRemainingBudget_Succeeds" computerName="ABDALLA" duration="00:00:00.0090328" startTime="2026-07-21T05:35:14.3353846+03:00" endTime="2026-07-21T05:35:14.3599865+03:00" testType="13cdc9d9-ddb5-4fa4-a97d-d965ccfc6d4b" outcome="Passed" testListId="8c84fa94-04c1-424b-9868-57a2d4851a1d" relativeResultsDirectory="9c873982-f6f2-4022-8a21-72fd6198c3ee" />
    <UnitTestResult executionId="0750fea5-4b41-4f80-a678-c2e673443665" testId="701f0651-35e8-d292-a4b9-418af0ed11e1" testName="ClinicMS.Web.Tests.PurchaseOrderTests.PurchaseReturn_WithinReceivedQuantity_ReducesStockAndLogsAnOutMovement" computerName="ABDALLA" duration="00:00:00.1267391" startTime="2026-07-21T05:35:15.5619144+03:00" endTime="2026-07-21T05:35:15.6881948+03:00" testType="13cdc9d9-ddb5-4fa4-a97d-d965ccfc6d4b" outcome="Passed" testListId="8c84fa94-04c1-424b-9868-57a2d4851a1d" relativeResultsDirectory="0750fea5-4b41-4f80-a678-c2e673443665" />
    <UnitTestResult executionId="ebcfbc5c-5dd7-446e-bfd4-11ee5ab17259" testId="bcaf5ca6-6082-2814-0b05-76c6a4b281c0" testName="ClinicMS.Web.Tests.PurchaseOrderTests.DeletingANonDraftOrder_Throws" computerName="ABDALLA" duration="00:00:00.0227336" startTime="2026-07-21T05:35:15.7002288+03:00" endTime="2026-07-21T05:35:15.7225551+03:00" testType="13cdc9d9-ddb5-4fa4-a97d-d965ccfc6d4b" outcome="Passed" testListId="8c84fa94-04c1-424b-9868-57a2d4851a1d" relativeResultsDirectory="ebcfbc5c-5dd7-446e-bfd4-11ee5ab17259" />
    <UnitTestResult executionId="045d19f4-f912-48e3-a1a6-1ff1e681fd8a" testId="41e85707-6d8f-53d0-45aa-02a2cac303e3" testName="ClinicMS.Web.Tests.PatientCycleSessionTests.RecordCyclePayment_OnAPerVisitCycleWithNoPackageInvoice_Throws" computerName="ABDALLA" duration="00:00:00.0263232" startTime="2026-07-21T05:35:15.3839291+03:00" endTime="2026-07-21T05:35:15.4099972+03:00" testType="13cdc9d9-ddb5-4fa4-a97d-d965ccfc6d4b" outcome="Passed" testListId="8c84fa94-04c1-424b-9868-57a2d4851a1d" relativeResultsDirectory="045d19f4-f912-48e3-a1a6-1ff1e681fd8a" />
    <UnitTestResult executionId="b86efc60-6d6b-4c01-b8da-a1a7da88437e" testId="1c3b3ffe-3b2e-2546-e61d-de0eb9432ee2" testName="ClinicMS.Web.Tests.PurchaseOrderTests.CreatePurchaseOrder_ComputesTotalAmountFromLineItems" computerName="ABDALLA" duration="00:00:00.4897091" startTime="2026-07-21T05:35:14.6085709+03:00" endTime="2026-07-21T05:35:15.0973363+03:00" testType="13cdc9d9-ddb5-4fa4-a97d-d965ccfc6d4b" outcome="Passed" testListId="8c84fa94-04c1-424b-9868-57a2d4851a1d" relativeResultsDirectory="b86efc60-6d6b-4c01-b8da-a1a7da88437e" />
    <UnitTestResult executionId="07803aaa-4a13-412b-abfe-b8e20c6193b2" testId="5093e793-8dea-ff2b-f05d-c0ecaf7430cc" testName="ClinicMS.Web.Tests.PatientCycleSessionTests.CompleteSession_DiscountExceedingSessionTotal_Throws" computerName="ABDALLA" duration="00:00:00.0111014" startTime="2026-07-21T05:35:15.5131552+03:00" endTime="2026-07-21T05:35:15.5238007+03:00" testType="13cdc9d9-ddb5-4fa4-a97d-d965ccfc6d4b" outcome="Passed" testListId="8c84fa94-04c1-424b-9868-57a2d4851a1d" relativeResultsDirectory="07803aaa-4a13-412b-abfe-b8e20c6193b2" />
    <UnitTestResult executionId="a8d17542-b5b7-4014-a657-10f4d78876b4" testId="9f91127a-61d9-e768-ffc4-b48ebfccff20" testName="ClinicMS.Web.Tests.RequirePermissionFilterTests.NonAdminWithNoPermissionRow_GetRequest_RedirectsToAccessDenied" computerName="ABDALLA" duration="00:00:00.0028439" startTime="2026-07-21T05:35:14.9210252+03:00" endTime="2026-07-21T05:35:14.9233290+03:00" testType="13cdc9d9-ddb5-4fa4-a97d-d965ccfc6d4b" outcome="Passed" testListId="8c84fa94-04c1-424b-9868-57a2d4851a1d" relativeResultsDirectory="a8d17542-b5b7-4014-a657-10f4d78876b4" />
    <UnitTestResult executionId="ed801d65-67eb-4990-8819-45f44a31b811" testId="63a7e888-dd8d-9bb2-969c-efad77fa82e1" testName="ClinicMS.Web.Tests.DiscountOverlapTests.CreateDiscount_NonOverlappingActiveRange_Succeeds" computerName="ABDALLA" duration="00:00:00.0105144" startTime="2026-07-21T05:35:14.3595249+03:00" endTime="2026-07-21T05:35:14.3665488+03:00" testType="13cdc9d9-ddb5-4fa4-a97d-d965ccfc6d4b" outcome="Passed" testListId="8c84fa94-04c1-424b-9868-57a2d4851a1d" relativeResultsDirectory="ed801d65-67eb-4990-8819-45f44a31b811" />
    <UnitTestResult executionId="c5151129-c941-4280-b285-2a27c4c219ab" testId="98c722d6-d54b-2c2c-40ea-eb9cd226ee9f" testName="ClinicMS.Web.Tests.PatientCycleSessionTests.CompleteSession_ZeroPaidAmount_Throws" computerName="ABDALLA" duration="00:00:00.0082349" startTime="2026-07-21T05:35:15.5047903+03:00" endTime="2026-07-21T05:35:15.5125659+03:00" testType="13cdc9d9-ddb5-4fa4-a97d-d965ccfc6d4b" outcome="Passed" testListId="8c84fa94-04c1-424b-9868-57a2d4851a1d" relativeResultsDirectory="c5151129-c941-4280-b285-2a27c4c219ab" />
    <UnitTestResult executionId="a2b77dda-4102-4b60-877a-15bfe12a0680" testId="056c1168-cd5b-fb35-7abe-25c56b3fa25e" testName="ClinicMS.Web.Tests.PurchaseOrderTests.PurchaseReturn_ExceedingReceivedQuantity_Throws" computerName="ABDALLA" duration="00:00:00.2408456" startTime="2026-07-21T05:35:15.3208478+03:00" endTime="2026-07-21T05:35:15.5612983+03:00" testType="13cdc9d9-ddb5-4fa4-a97d-d965ccfc6d4b" outcome="Passed" testListId="8c84fa94-04c1-424b-9868-57a2d4851a1d" relativeResultsDirectory="a2b77dda-4102-4b60-877a-15bfe12a0680" />
    <UnitTestResult executionId="b11e949e-dddc-4d76-ab64-5302dfc8f10a" testId="99954dac-db33-686b-f2ee-0e97bcf267f8" testName="ClinicMS.Web.Tests.ExpensesBudgetTests.CreateAsync_NoAccountSelected_SkipsBudgetCheckEntirely" computerName="ABDALLA" duration="00:00:00.0046422" startTime="2026-07-21T05:35:14.3214533+03:00" endTime="2026-07-21T05:35:14.3255906+03:00" testType="13cdc9d9-ddb5-4fa4-a97d-d965ccfc6d4b" outcome="Passed" testListId="8c84fa94-04c1-424b-9868-57a2d4851a1d" relativeResultsDirectory="b11e949e-dddc-4d76-ab64-5302dfc8f10a" />
    <UnitTestResult executionId="556a9c48-dffa-4cc2-8b59-fc918d7f1a8f" testId="a7f5f2ac-4bed-a8e5-de18-dd773bc35b81" testName="ClinicMS.Web.Tests.PaymentsApiClientTests.CreatePayment_ZeroOrNegativeAmount_Throws" computerName="ABDALLA" duration="00:00:00.0083242" startTime="2026-07-21T05:35:14.6841123+03:00" endTime="2026-07-21T05:35:14.6918979+03:00" testType="13cdc9d9-ddb5-4fa4-a97d-d965ccfc6d4b" outcome="Passed" testListId="8c84fa94-04c1-424b-9868-57a2d4851a1d" relativeResultsDirectory="556a9c48-dffa-4cc2-8b59-fc918d7f1a8f" />
    <UnitTestResult executionId="b2952032-3e08-4318-925a-a68a864806d0" testId="68e67c26-25d9-b840-bbe0-e95f266cccf4" testName="ClinicMS.Web.Tests.DiscountOverlapTests.CreateDiscount_OverlappingActiveRange_Throws" computerName="ABDALLA" duration="00:00:00.0041935" startTime="2026-07-21T05:35:14.3678551+03:00" endTime="2026-07-21T05:35:14.3694273+03:00" testType="13cdc9d9-ddb5-4fa4-a97d-d965ccfc6d4b" outcome="Passed" testListId="8c84fa94-04c1-424b-9868-57a2d4851a1d" relativeResultsDirectory="b2952032-3e08-4318-925a-a68a864806d0" />
    <UnitTestResult executionId="6c7fe0f3-6055-41e3-a79a-96f67f9508a2" testId="180cf365-8fa6-a525-ba2f-d1f6f8c157de" testName="ClinicMS.Web.Tests.PaymentsApiClientTests.CreatePayment_SettlingFullBalance_MarksInvoicePaid" computerName="ABDALLA" duration="00:00:00.0057006" startTime="2026-07-21T05:35:14.6924636+03:00" endTime="2026-07-21T05:35:14.6977606+03:00" testType="13cdc9d9-ddb5-4fa4-a97d-d965ccfc6d4b" outcome="Passed" testListId="8c84fa94-04c1-424b-9868-57a2d4851a1d" relativeResultsDirectory="6c7fe0f3-6055-41e3-a79a-96f67f9508a2" />
    <UnitTestResult executionId="dcf22e21-d351-40e8-bd7e-83bba4b0181c" testId="357db0e5-2307-5be3-7ef0-8ede3c832b85" testName="ClinicMS.Web.Tests.PatientCycleSessionTests.RecordCyclePayment_ReducesBalanceAndFlipsStatusToPaidWhenSettled" computerName="ABDALLA" duration="00:00:00.0488670" startTime="2026-07-21T05:35:15.4123850+03:00" endTime="2026-07-21T05:35:15.4589726+03:00" testType="13cdc9d9-ddb5-4fa4-a97d-d965ccfc6d4b" outcome="Passed" testListId="8c84fa94-04c1-424b-9868-57a2d4851a1d" relativeResultsDirectory="dcf22e21-d351-40e8-bd7e-83bba4b0181c" />
    <UnitTestResult executionId="cc697dcb-55c6-4d57-96f2-ff82b210a795" testId="b27f498e-c76f-3d12-c53b-a1b3566c6705" testName="ClinicMS.Web.Tests.PaymentsApiClientTests.CreatePayment_WithoutAnInvoice_StillRecordsAWalletTopUpPayment" computerName="ABDALLA" duration="00:00:02.6769433" startTime="2026-07-21T05:35:11.4631018+03:00" endTime="2026-07-21T05:35:14.0755298+03:00" testType="13cdc9d9-ddb5-4fa4-a97d-d965ccfc6d4b" outcome="Passed" testListId="8c84fa94-04c1-424b-9868-57a2d4851a1d" relativeResultsDirectory="cc697dcb-55c6-4d57-96f2-ff82b210a795" />
    <UnitTestResult executionId="edfec132-7481-489d-b580-00a0d15e7aea" testId="b37090b0-dc3e-f911-f026-061293361bb5" testName="ClinicMS.Web.Tests.DiscountOverlapTests.CreateDiscount_OverlappingButInactive_Succeeds" computerName="ABDALLA" duration="00:00:00.0055433" startTime="2026-07-21T05:35:14.3719192+03:00" endTime="2026-07-21T05:35:14.3725145+03:00" testType="13cdc9d9-ddb5-4fa4-a97d-d965ccfc6d4b" outcome="Passed" testListId="8c84fa94-04c1-424b-9868-57a2d4851a1d" relativeResultsDirectory="edfec132-7481-489d-b580-00a0d15e7aea" />
    <UnitTestResult executionId="16f1a056-48cc-4788-94d9-a2373263a66c" testId="3ca9816a-b275-a56d-32b2-e7160f9f6e79" testName="ClinicMS.Web.Tests.PaymentsApiClientTests.CreatePayment_UnknownPatientId_Throws" computerName="ABDALLA" duration="00:00:00.2246312" startTime="2026-07-21T05:35:14.1106792+03:00" endTime="2026-07-21T05:35:14.3013748+03:00" testType="13cdc9d9-ddb5-4fa4-a97d-d965ccfc6d4b" outcome="Passed" testListId="8c84fa94-04c1-424b-9868-57a2d4851a1d" relativeResultsDirectory="16f1a056-48cc-4788-94d9-a2373263a66c" />
    <UnitTestResult executionId="e139495b-681d-4397-beff-1ff4ecc96440" testId="984fdf9c-88dd-79c1-1340-9da36ee30da1" testName="ClinicMS.Web.Tests.DiscountOverlapTests.UpdateDiscount_ExcludesItselfFromOverlapCheck" computerName="ABDALLA" duration="00:00:00.2677887" startTime="2026-07-21T05:35:14.0684013+03:00" endTime="2026-07-21T05:35:14.3355798+03:00" testType="13cdc9d9-ddb5-4fa4-a97d-d965ccfc6d4b" outcome="Passed" testListId="8c84fa94-04c1-424b-9868-57a2d4851a1d" relativeResultsDirectory="e139495b-681d-4397-beff-1ff4ecc96440" />
    <UnitTestResult executionId="0ae15a7c-f57f-42fa-a18d-478a95b10861" testId="45085429-0a7a-e2a8-62af-a084d37db118" testName="ClinicMS.Web.Tests.PaymentsApiClientTests.CreatePayment_UnknownInvoiceId_Throws" computerName="ABDALLA" duration="00:00:00.0253447" startTime="2026-07-21T05:35:14.3034717+03:00" endTime="2026-07-21T05:35:14.3266482+03:00" testType="13cdc9d9-ddb5-4fa4-a97d-d965ccfc6d4b" outcome="Passed" testListId="8c84fa94-04c1-424b-9868-57a2d4851a1d" relativeResultsDirectory="0ae15a7c-f57f-42fa-a18d-478a95b10861" />
    <UnitTestResult executionId="a6dc7a8f-3753-40a4-9214-49dae45ed57e" testId="620437eb-c045-dad8-bbaa-d5e08dfe5de9" testName="ClinicMS.Web.Tests.PurchaseOrderTests.ReceivingAnOrder_IncreasesStockAndLogsAnInMovement" computerName="ABDALLA" duration="00:00:00.1864326" startTime="2026-07-21T05:35:15.0979736+03:00" endTime="2026-07-21T05:35:15.2840137+03:00" testType="13cdc9d9-ddb5-4fa4-a97d-d965ccfc6d4b" outcome="Passed" testListId="8c84fa94-04c1-424b-9868-57a2d4851a1d" relativeResultsDirectory="a6dc7a8f-3753-40a4-9214-49dae45ed57e" />
  </Results>
  <TestDefinitions>
    <UnitTest name="ClinicMS.Web.Tests.ExpensesBudgetTests.CreateAsync_WithinBudget_Succeeds" storage="c:\users\abdal\onedrive\desktop\clinicms\clinicms.web.tests\bin\release\net10.0\clinicms.web.tests.dll" id="a7781823-73d4-8fd4-0580-31a3caa63328">
      <Execution id="15d7d2be-2ec0-4cd8-a9b7-1dd3303ec48a" />
      <TestMethod codeBase="C:\Users\abdal\OneDrive\Desktop\clinicMS\ClinicMS.Web.Tests\bin\Release\net10.0\ClinicMS.Web.Tests.dll" adapterTypeName="executor://xunit/VsTestRunner3/netcore/" className="ClinicMS.Web.Tests.ExpensesBudgetTests" name="CreateAsync_WithinBudget_Succeeds" />
    </UnitTest>
    <UnitTest name="ClinicMS.Web.Tests.PaymentsApiClientTests.CreatePayment_SettlingFullBalance_MarksInvoicePaid" storage="c:\users\abdal\onedrive\desktop\clinicms\clinicms.web.tests\bin\release\net10.0\clinicms.web.tests.dll" id="180cf365-8fa6-a525-ba2f-d1f6f8c157de">
      <Execution id="6c7fe0f3-6055-41e3-a79a-96f67f9508a2" />
      <TestMethod codeBase="C:\Users\abdal\OneDrive\Desktop\clinicMS\ClinicMS.Web.Tests\bin\Release\net10.0\ClinicMS.Web.Tests.dll" adapterTypeName="executor://xunit/VsTestRunner3/netcore/" className="ClinicMS.Web.Tests.PaymentsApiClientTests" name="CreatePayment_SettlingFullBalance_MarksInvoicePaid" />
    </UnitTest>
    <UnitTest name="ClinicMS.Web.Tests.PatientCycleSessionTests.RecordCyclePayment_OnAPerVisitCycleWithNoPackageInvoice_Throws" storage="c:\users\abdal\onedrive\desktop\clinicms\clinicms.web.tests\bin\release\net10.0\clinicms.web.tests.dll" id="41e85707-6d8f-53d0-45aa-02a2cac303e3">
      <Execution id="045d19f4-f912-48e3-a1a6-1ff1e681fd8a" />
      <TestMethod codeBase="C:\Users\abdal\OneDrive\Desktop\clinicMS\ClinicMS.Web.Tests\bin\Release\net10.0\ClinicMS.Web.Tests.dll" adapterTypeName="executor://xunit/VsTestRunner3/netcore/" className="ClinicMS.Web.Tests.PatientCycleSessionTests" name="RecordCyclePayment_OnAPerVisitCycleWithNoPackageInvoice_Throws" />
    </UnitTest>
    <UnitTest name="ClinicMS.Web.Tests.PaymentsApiClientTests.CreatePayment_PartialAmount_LeavesBalanceDueAndMarksPartial" storage="c:\users\abdal\onedrive\desktop\clinicms\clinicms.web.tests\bin\release\net10.0\clinicms.web.tests.dll" id="44b72fd1-6d6c-937f-1cf6-757450b97b84">
      <Execution id="c410be56-44ff-47be-a0ee-1d9fc19d7ab1" />
      <TestMethod codeBase="C:\Users\abdal\OneDrive\Desktop\clinicMS\ClinicMS.Web.Tests\bin\Release\net10.0\ClinicMS.Web.Tests.dll" adapterTypeName="executor://xunit/VsTestRunner3/netcore/" className="ClinicMS.Web.Tests.PaymentsApiClientTests" name="CreatePayment_PartialAmount_LeavesBalanceDueAndMarksPartial" />
    </UnitTest>
    <UnitTest name="ClinicMS.Web.Tests.PaymentsApiClientTests.GetOutstandingInvoices_OnlyReturnsInvoicesWithAPositiveBalance" storage="c:\users\abdal\onedrive\desktop\clinicms\clinicms.web.tests\bin\release\net10.0\clinicms.web.tests.dll" id="7375538e-4ff0-6623-9447-5f389b6041d4">
      <Execution id="9d37b255-d1db-4e03-819f-e771bc8e5d3c" />
      <TestMethod codeBase="C:\Users\abdal\OneDrive\Desktop\clinicMS\ClinicMS.Web.Tests\bin\Release\net10.0\ClinicMS.Web.Tests.dll" adapterTypeName="executor://xunit/VsTestRunner3/netcore/" className="ClinicMS.Web.Tests.PaymentsApiClientTests" name="GetOutstandingInvoices_OnlyReturnsInvoicesWithAPositiveBalance" />
    </UnitTest>
    <UnitTest name="ClinicMS.Web.Tests.RequirePermissionFilterTests.NonAdminWithNoPermissionRow_PostRequest_Returns403Json" storage="c:\users\abdal\onedrive\desktop\clinicms\clinicms.web.tests\bin\release\net10.0\clinicms.web.tests.dll" id="c9ba3bce-ec3a-2ce0-88e3-13fd7548fa33">
      <Execution id="8193c558-b8b1-43b4-ae0d-263c03fba486" />
      <TestMethod codeBase="C:\Users\abdal\OneDrive\Desktop\clinicMS\ClinicMS.Web.Tests\bin\Release\net10.0\ClinicMS.Web.Tests.dll" adapterTypeName="executor://xunit/VsTestRunner3/netcore/" className="ClinicMS.Web.Tests.RequirePermissionFilterTests" name="NonAdminWithNoPermissionRow_PostRequest_Returns403Json" />
    </UnitTest>
    <UnitTest name="ClinicMS.Web.Tests.PatientCycleSessionTests.RecordCyclePayment_ExceedingRemainingBalance_Throws" storage="c:\users\abdal\onedrive\desktop\clinicms\clinicms.web.tests\bin\release\net10.0\clinicms.web.tests.dll" id="884b7b75-7c03-b44a-d669-a22012ec0820">
      <Execution id="7c0175ef-4df3-4963-972b-166f5d60f0e0" />
      <TestMethod codeBase="C:\Users\abdal\OneDrive\Desktop\clinicMS\ClinicMS.Web.Tests\bin\Release\net10.0\ClinicMS.Web.Tests.dll" adapterTypeName="executor://xunit/VsTestRunner3/netcore/" className="ClinicMS.Web.Tests.PatientCycleSessionTests" name="RecordCyclePayment_ExceedingRemainingBalance_Throws" />
    </UnitTest>
    <UnitTest name="ClinicMS.Web.Tests.PatientCycleSessionTests.CompleteSession_FixedPackageDepositBalanceMode_MarksCompletedWithoutChargingAgain" storage="c:\users\abdal\onedrive\desktop\clinicms\clinicms.web.tests\bin\release\net10.0\clinicms.web.tests.dll" id="18ea0685-e5ed-e48b-fd70-f141b8d96604">
      <Execution id="1b276226-0b02-428e-9f93-7e94d64aa1c8" />
      <TestMethod codeBase="C:\Users\abdal\OneDrive\Desktop\clinicMS\ClinicMS.Web.Tests\bin\Release\net10.0\ClinicMS.Web.Tests.dll" adapterTypeName="executor://xunit/VsTestRunner3/netcore/" className="ClinicMS.Web.Tests.PatientCycleSessionTests" name="CompleteSession_FixedPackageDepositBalanceMode_MarksCompletedWithoutChargingAgain" />
    </UnitTest>
    <UnitTest name="ClinicMS.Web.Tests.ExpensesBudgetTests.UpdateAsync_ExcludesItsOwnPriorAmountFromTheBudgetCheck" storage="c:\users\abdal\onedrive\desktop\clinicms\clinicms.web.tests\bin\release\net10.0\clinicms.web.tests.dll" id="b169eac8-f6e3-186d-ddaf-ce1377633177">
      <Execution id="00735ee1-2a4f-42c2-9ea5-3633af542753" />
      <TestMethod codeBase="C:\Users\abdal\OneDrive\Desktop\clinicMS\ClinicMS.Web.Tests\bin\Release\net10.0\ClinicMS.Web.Tests.dll" adapterTypeName="executor://xunit/VsTestRunner3/netcore/" className="ClinicMS.Web.Tests.ExpensesBudgetTests" name="UpdateAsync_ExcludesItsOwnPriorAmountFromTheBudgetCheck" />
    </UnitTest>
    <UnitTest name="ClinicMS.Web.Tests.PatientCycleSessionTests.CompleteSession_FixedPackagePerSession_SplitsPriceEvenlyAcrossSessions" storage="c:\users\abdal\onedrive\desktop\clinicms\clinicms.web.tests\bin\release\net10.0\clinicms.web.tests.dll" id="4cb2aa50-08d6-698a-7610-432ae6ae4854">
      <Execution id="97d0f9c8-0666-46c6-9a27-eafa851718da" />
      <TestMethod codeBase="C:\Users\abdal\OneDrive\Desktop\clinicMS\ClinicMS.Web.Tests\bin\Release\net10.0\ClinicMS.Web.Tests.dll" adapterTypeName="executor://xunit/VsTestRunner3/netcore/" className="ClinicMS.Web.Tests.PatientCycleSessionTests" name="CompleteSession_FixedPackagePerSession_SplitsPriceEvenlyAcrossSessions" />
    </UnitTest>
    <UnitTest name="ClinicMS.Web.Tests.PatientCycleSessionTests.CompleteSession_VatDisabledInSettings_ChargesNoVatEvenIfServicePriceIsRound" storage="c:\users\abdal\onedrive\desktop\clinicms\clinicms.web.tests\bin\release\net10.0\clinicms.web.tests.dll" id="decfe989-16fc-0716-d904-f6e5f51fd0fe">
      <Execution id="91348feb-242a-4360-842c-995c51d92b0a" />
      <TestMethod codeBase="C:\Users\abdal\OneDrive\Desktop\clinicMS\ClinicMS.Web.Tests\bin\Release\net10.0\ClinicMS.Web.Tests.dll" adapterTypeName="executor://xunit/VsTestRunner3/netcore/" className="ClinicMS.Web.Tests.PatientCycleSessionTests" name="CompleteSession_VatDisabledInSettings_ChargesNoVatEvenIfServicePriceIsRound" />
    </UnitTest>
    <UnitTest name="ClinicMS.Web.Tests.PatientCycleSessionTests.CompleteSession_AlreadyCompleted_Throws" storage="c:\users\abdal\onedrive\desktop\clinicms\clinicms.web.tests\bin\release\net10.0\clinicms.web.tests.dll" id="413d283f-ada7-3053-c6ba-cfbc1862c4aa">
      <Execution id="9f24b226-9473-49c1-9c37-5a7ade4f9551" />
      <TestMethod codeBase="C:\Users\abdal\OneDrive\Desktop\clinicMS\ClinicMS.Web.Tests\bin\Release\net10.0\ClinicMS.Web.Tests.dll" adapterTypeName="executor://xunit/VsTestRunner3/netcore/" className="ClinicMS.Web.Tests.PatientCycleSessionTests" name="CompleteSession_AlreadyCompleted_Throws" />
    </UnitTest>
    <UnitTest name="ClinicMS.Web.Tests.PurchaseOrderTests.PurchaseReturn_ExceedingReceivedQuantity_Throws" storage="c:\users\abdal\onedrive\desktop\clinicms\clinicms.web.tests\bin\release\net10.0\clinicms.web.tests.dll" id="056c1168-cd5b-fb35-7abe-25c56b3fa25e">
      <Execution id="a2b77dda-4102-4b60-877a-15bfe12a0680" />
      <TestMethod codeBase="C:\Users\abdal\OneDrive\Desktop\clinicMS\ClinicMS.Web.Tests\bin\Release\net10.0\ClinicMS.Web.Tests.dll" adapterTypeName="executor://xunit/VsTestRunner3/netcore/" className="ClinicMS.Web.Tests.PurchaseOrderTests" name="PurchaseReturn_ExceedingReceivedQuantity_Throws" />
    </UnitTest>
    <UnitTest name="ClinicMS.Web.Tests.PurchaseOrderTests.DeletingANonDraftOrder_Throws" storage="c:\users\abdal\onedrive\desktop\clinicms\clinicms.web.tests\bin\release\net10.0\clinicms.web.tests.dll" id="bcaf5ca6-6082-2814-0b05-76c6a4b281c0">
      <Execution id="ebcfbc5c-5dd7-446e-bfd4-11ee5ab17259" />
      <TestMethod codeBase="C:\Users\abdal\OneDrive\Desktop\clinicMS\ClinicMS.Web.Tests\bin\Release\net10.0\ClinicMS.Web.Tests.dll" adapterTypeName="executor://xunit/VsTestRunner3/netcore/" className="ClinicMS.Web.Tests.PurchaseOrderTests" name="DeletingANonDraftOrder_Throws" />
    </UnitTest>
    <UnitTest name="ClinicMS.Web.Tests.SmsGatewaySecretMaskingTests.UpdateConfiguration_SubmittingTheMaskedPlaceholderBack_PreservesTheRealSecret" storage="c:\users\abdal\onedrive\desktop\clinicms\clinicms.web.tests\bin\release\net10.0\clinicms.web.tests.dll" id="ca2a4dc4-65b7-4172-922b-f44c30a28d75">
      <Execution id="a3358a63-13c6-4283-9beb-f0538f602746" />
      <TestMethod codeBase="C:\Users\abdal\OneDrive\Desktop\clinicMS\ClinicMS.Web.Tests\bin\Release\net10.0\ClinicMS.Web.Tests.dll" adapterTypeName="executor://xunit/VsTestRunner3/netcore/" className="ClinicMS.Web.Tests.SmsGatewaySecretMaskingTests" name="UpdateConfiguration_SubmittingTheMaskedPlaceholderBack_PreservesTheRealSecret" />
    </UnitTest>
    <UnitTest name="ClinicMS.Web.Tests.PatientCycleSessionTests.CompleteSession_FixedPackagePerSession_LastSessionAbsorbsRoundingRemainder" storage="c:\users\abdal\onedrive\desktop\clinicms\clinicms.web.tests\bin\release\net10.0\clinicms.web.tests.dll" id="1c7bd097-2920-139e-24d9-5d0a811a399e">
      <Execution id="bf9137ad-fae4-45c8-b521-c9947a01ddcd" />
      <TestMethod codeBase="C:\Users\abdal\OneDrive\Desktop\clinicMS\ClinicMS.Web.Tests\bin\Release\net10.0\ClinicMS.Web.Tests.dll" adapterTypeName="executor://xunit/VsTestRunner3/netcore/" className="ClinicMS.Web.Tests.PatientCycleSessionTests" name="CompleteSession_FixedPackagePerSession_LastSessionAbsorbsRoundingRemainder" />
    </UnitTest>
    <UnitTest name="ClinicMS.Web.Tests.DiscountOverlapTests.CreateDiscount_OverlappingActiveRange_Throws" storage="c:\users\abdal\onedrive\desktop\clinicms\clinicms.web.tests\bin\release\net10.0\clinicms.web.tests.dll" id="68e67c26-25d9-b840-bbe0-e95f266cccf4">
      <Execution id="b2952032-3e08-4318-925a-a68a864806d0" />
      <TestMethod codeBase="C:\Users\abdal\OneDrive\Desktop\clinicMS\ClinicMS.Web.Tests\bin\Release\net10.0\ClinicMS.Web.Tests.dll" adapterTypeName="executor://xunit/VsTestRunner3/netcore/" className="ClinicMS.Web.Tests.DiscountOverlapTests" name="CreateDiscount_OverlappingActiveRange_Throws" />
    </UnitTest>
    <UnitTest name="ClinicMS.Web.Tests.PaymentsApiClientTests.CreatePayment_UnknownPatientId_Throws" storage="c:\users\abdal\onedrive\desktop\clinicms\clinicms.web.tests\bin\release\net10.0\clinicms.web.tests.dll" id="3ca9816a-b275-a56d-32b2-e7160f9f6e79">
      <Execution id="16f1a056-48cc-4788-94d9-a2373263a66c" />
      <TestMethod codeBase="C:\Users\abdal\OneDrive\Desktop\clinicMS\ClinicMS.Web.Tests\bin\Release\net10.0\ClinicMS.Web.Tests.dll" adapterTypeName="executor://xunit/VsTestRunner3/netcore/" className="ClinicMS.Web.Tests.PaymentsApiClientTests" name="CreatePayment_UnknownPatientId_Throws" />
    </UnitTest>
    <UnitTest name="ClinicMS.Web.Tests.PurchaseOrderTests.PurchaseReturn_WithinReceivedQuantity_ReducesStockAndLogsAnOutMovement" storage="c:\users\abdal\onedrive\desktop\clinicms\clinicms.web.tests\bin\release\net10.0\clinicms.web.tests.dll" id="701f0651-35e8-d292-a4b9-418af0ed11e1">
      <Execution id="0750fea5-4b41-4f80-a678-c2e673443665" />
      <TestMethod codeBase="C:\Users\abdal\OneDrive\Desktop\clinicMS\ClinicMS.Web.Tests\bin\Release\net10.0\ClinicMS.Web.Tests.dll" adapterTypeName="executor://xunit/VsTestRunner3/netcore/" className="ClinicMS.Web.Tests.PurchaseOrderTests" name="PurchaseReturn_WithinReceivedQuantity_ReducesStockAndLogsAnOutMovement" />
    </UnitTest>
    <UnitTest name="ClinicMS.Web.Tests.ExpensesBudgetTests.CreateAsync_ZeroBudget_IsUnrestricted" storage="c:\users\abdal\onedrive\desktop\clinicms\clinicms.web.tests\bin\release\net10.0\clinicms.web.tests.dll" id="1f47f220-bbb6-182a-d944-677f6e1deb24">
      <Execution id="af91adb1-23ff-4084-8ee5-08c95789ce4c" />
      <TestMethod codeBase="C:\Users\abdal\OneDrive\Desktop\clinicMS\ClinicMS.Web.Tests\bin\Release\net10.0\ClinicMS.Web.Tests.dll" adapterTypeName="executor://xunit/VsTestRunner3/netcore/" className="ClinicMS.Web.Tests.ExpensesBudgetTests" name="CreateAsync_ZeroBudget_IsUnrestricted" />
    </UnitTest>
    <UnitTest name="ClinicMS.Web.Tests.ExpensesBudgetTests.CreateAsync_ExactlyAtRemainingBudget_Succeeds" storage="c:\users\abdal\onedrive\desktop\clinicms\clinicms.web.tests\bin\release\net10.0\clinicms.web.tests.dll" id="96ba34e6-5102-ce59-ecef-b975383e6978">
      <Execution id="9c873982-f6f2-4022-8a21-72fd6198c3ee" />
      <TestMethod codeBase="C:\Users\abdal\OneDrive\Desktop\clinicMS\ClinicMS.Web.Tests\bin\Release\net10.0\ClinicMS.Web.Tests.dll" adapterTypeName="executor://xunit/VsTestRunner3/netcore/" className="ClinicMS.Web.Tests.ExpensesBudgetTests" name="CreateAsync_ExactlyAtRemainingBudget_Succeeds" />
    </UnitTest>
    <UnitTest name="ClinicMS.Web.Tests.PatientCycleSessionTests.CompleteSession_DiscountExceedingSessionTotal_Throws" storage="c:\users\abdal\onedrive\desktop\clinicms\clinicms.web.tests\bin\release\net10.0\clinicms.web.tests.dll" id="5093e793-8dea-ff2b-f05d-c0ecaf7430cc">
      <Execution id="07803aaa-4a13-412b-abfe-b8e20c6193b2" />
      <TestMethod codeBase="C:\Users\abdal\OneDrive\Desktop\clinicMS\ClinicMS.Web.Tests\bin\Release\net10.0\ClinicMS.Web.Tests.dll" adapterTypeName="executor://xunit/VsTestRunner3/netcore/" className="ClinicMS.Web.Tests.PatientCycleSessionTests" name="CompleteSession_DiscountExceedingSessionTotal_Throws" />
    </UnitTest>
    <UnitTest name="ClinicMS.Web.Tests.SmsGatewaySecretMaskingTests.UpdateConfiguration_SubmittingARealNewSecret_OverwritesTheStoredOne" storage="c:\users\abdal\onedrive\desktop\clinicms\clinicms.web.tests\bin\release\net10.0\clinicms.web.tests.dll" id="6d2a20a5-9116-7db9-a1a2-ea35cb5fb752">
      <Execution id="7c9b999b-e805-4c73-868b-93da3fbd8550" />
      <TestMethod codeBase="C:\Users\abdal\OneDrive\Desktop\clinicMS\ClinicMS.Web.Tests\bin\Release\net10.0\ClinicMS.Web.Tests.dll" adapterTypeName="executor://xunit/VsTestRunner3/netcore/" className="ClinicMS.Web.Tests.SmsGatewaySecretMaskingTests" name="UpdateConfiguration_SubmittingARealNewSecret_OverwritesTheStoredOne" />
    </UnitTest>
    <UnitTest name="ClinicMS.Web.Tests.RequirePermissionFilterTests.NonAdminWithGrantedPermission_Proceeds" storage="c:\users\abdal\onedrive\desktop\clinicms\clinicms.web.tests\bin\release\net10.0\clinicms.web.tests.dll" id="adac668d-3249-30fe-e85f-61c3089e9e43">
      <Execution id="dbd14b69-ffef-4c62-85c7-10bdaded8ddd" />
      <TestMethod codeBase="C:\Users\abdal\OneDrive\Desktop\clinicMS\ClinicMS.Web.Tests\bin\Release\net10.0\ClinicMS.Web.Tests.dll" adapterTypeName="executor://xunit/VsTestRunner3/netcore/" className="ClinicMS.Web.Tests.RequirePermissionFilterTests" name="NonAdminWithGrantedPermission_Proceeds" />
    </UnitTest>
    <UnitTest name="ClinicMS.Web.Tests.RequirePermissionFilterTests.SuperAdmin_AlwaysProceeds_RegardlessOfPermissionRows" storage="c:\users\abdal\onedrive\desktop\clinicms\clinicms.web.tests\bin\release\net10.0\clinicms.web.tests.dll" id="6a820168-94e9-e366-df41-4c0757077d48">
      <Execution id="fd4283e0-e952-4737-9559-ed34d99d8ea3" />
      <TestMethod codeBase="C:\Users\abdal\OneDrive\Desktop\clinicMS\ClinicMS.Web.Tests\bin\Release\net10.0\ClinicMS.Web.Tests.dll" adapterTypeName="executor://xunit/VsTestRunner3/netcore/" className="ClinicMS.Web.Tests.RequirePermissionFilterTests" name="SuperAdmin_AlwaysProceeds_RegardlessOfPermissionRows" />
    </UnitTest>
    <UnitTest name="ClinicMS.Web.Tests.PaymentsApiClientTests.CreatePayment_WithoutAnInvoice_StillRecordsAWalletTopUpPayment" storage="c:\users\abdal\onedrive\desktop\clinicms\clinicms.web.tests\bin\release\net10.0\clinicms.web.tests.dll" id="b27f498e-c76f-3d12-c53b-a1b3566c6705">
      <Execution id="cc697dcb-55c6-4d57-96f2-ff82b210a795" />
      <TestMethod codeBase="C:\Users\abdal\OneDrive\Desktop\clinicMS\ClinicMS.Web.Tests\bin\Release\net10.0\ClinicMS.Web.Tests.dll" adapterTypeName="executor://xunit/VsTestRunner3/netcore/" className="ClinicMS.Web.Tests.PaymentsApiClientTests" name="CreatePayment_WithoutAnInvoice_StillRecordsAWalletTopUpPayment" />
    </UnitTest>
    <UnitTest name="ClinicMS.Web.Tests.DiscountOverlapTests.UpdateDiscount_ExcludesItselfFromOverlapCheck" storage="c:\users\abdal\onedrive\desktop\clinicms\clinicms.web.tests\bin\release\net10.0\clinicms.web.tests.dll" id="984fdf9c-88dd-79c1-1340-9da36ee30da1">
      <Execution id="e139495b-681d-4397-beff-1ff4ecc96440" />
      <TestMethod codeBase="C:\Users\abdal\OneDrive\Desktop\clinicMS\ClinicMS.Web.Tests\bin\Release\net10.0\ClinicMS.Web.Tests.dll" adapterTypeName="executor://xunit/VsTestRunner3/netcore/" className="ClinicMS.Web.Tests.DiscountOverlapTests" name="UpdateDiscount_ExcludesItselfFromOverlapCheck" />
    </UnitTest>
    <UnitTest name="ClinicMS.Web.Tests.PaymentsApiClientTests.CreatePayment_UnknownInvoiceId_Throws" storage="c:\users\abdal\onedrive\desktop\clinicms\clinicms.web.tests\bin\release\net10.0\clinicms.web.tests.dll" id="45085429-0a7a-e2a8-62af-a084d37db118">
      <Execution id="0ae15a7c-f57f-42fa-a18d-478a95b10861" />
      <TestMethod codeBase="C:\Users\abdal\OneDrive\Desktop\clinicMS\ClinicMS.Web.Tests\bin\Release\net10.0\ClinicMS.Web.Tests.dll" adapterTypeName="executor://xunit/VsTestRunner3/netcore/" className="ClinicMS.Web.Tests.PaymentsApiClientTests" name="CreatePayment_UnknownInvoiceId_Throws" />
    </UnitTest>
    <UnitTest name="ClinicMS.Web.Tests.DiscountOverlapTests.CreateDiscount_EndDateBeforeStartDate_Throws" storage="c:\users\abdal\onedrive\desktop\clinicms\clinicms.web.tests\bin\release\net10.0\clinicms.web.tests.dll" id="2989c8dc-38d0-f962-0f07-8ea3632829d8">
      <Execution id="f388fbc2-8f80-4c8a-8de5-1d5086f9cb58" />
      <TestMethod codeBase="C:\Users\abdal\OneDrive\Desktop\clinicMS\ClinicMS.Web.Tests\bin\Release\net10.0\ClinicMS.Web.Tests.dll" adapterTypeName="executor://xunit/VsTestRunner3/netcore/" className="ClinicMS.Web.Tests.DiscountOverlapTests" name="CreateDiscount_EndDateBeforeStartDate_Throws" />
    </UnitTest>
    <UnitTest name="ClinicMS.Web.Tests.DiscountOverlapTests.CreateDiscount_OverlappingButInactive_Succeeds" storage="c:\users\abdal\onedrive\desktop\clinicms\clinicms.web.tests\bin\release\net10.0\clinicms.web.tests.dll" id="b37090b0-dc3e-f911-f026-061293361bb5">
      <Execution id="edfec132-7481-489d-b580-00a0d15e7aea" />
      <TestMethod codeBase="C:\Users\abdal\OneDrive\Desktop\clinicMS\ClinicMS.Web.Tests\bin\Release\net10.0\ClinicMS.Web.Tests.dll" adapterTypeName="executor://xunit/VsTestRunner3/netcore/" className="ClinicMS.Web.Tests.DiscountOverlapTests" name="CreateDiscount_OverlappingButInactive_Succeeds" />
    </UnitTest>
    <UnitTest name="ClinicMS.Web.Tests.DiscountOverlapTests.CreateDiscount_NonOverlappingActiveRange_Succeeds" storage="c:\users\abdal\onedrive\desktop\clinicms\clinicms.web.tests\bin\release\net10.0\clinicms.web.tests.dll" id="63a7e888-dd8d-9bb2-969c-efad77fa82e1">
      <Execution id="ed801d65-67eb-4990-8819-45f44a31b811" />
      <TestMethod codeBase="C:\Users\abdal\OneDrive\Desktop\clinicMS\ClinicMS.Web.Tests\bin\Release\net10.0\ClinicMS.Web.Tests.dll" adapterTypeName="executor://xunit/VsTestRunner3/netcore/" className="ClinicMS.Web.Tests.DiscountOverlapTests" name="CreateDiscount_NonOverlappingActiveRange_Succeeds" />
    </UnitTest>
    <UnitTest name="ClinicMS.Web.Tests.PatientCycleSessionTests.CompleteSession_PerVisit_RecomputesVatFromClinicSettingsRegardlessOfClient" storage="c:\users\abdal\onedrive\desktop\clinicms\clinicms.web.tests\bin\release\net10.0\clinicms.web.tests.dll" id="07975943-3c7a-38f0-a3b3-cdc9fa0df07c">
      <Execution id="c9406b56-2fe7-4426-af19-849797ac12e2" />
      <TestMethod codeBase="C:\Users\abdal\OneDrive\Desktop\clinicMS\ClinicMS.Web.Tests\bin\Release\net10.0\ClinicMS.Web.Tests.dll" adapterTypeName="executor://xunit/VsTestRunner3/netcore/" className="ClinicMS.Web.Tests.PatientCycleSessionTests" name="CompleteSession_PerVisit_RecomputesVatFromClinicSettingsRegardlessOfClient" />
    </UnitTest>
    <UnitTest name="ClinicMS.Web.Tests.RequirePermissionFilterTests.NonAdminWithViewButNotDelete_DeniedOnlyForDelete" storage="c:\users\abdal\onedrive\desktop\clinicms\clinicms.web.tests\bin\release\net10.0\clinicms.web.tests.dll" id="31e127a4-dc0b-3cf9-157a-90f75f958629">
      <Execution id="c7c4a8df-638b-4b75-ae18-15682a8aaaf5" />
      <TestMethod codeBase="C:\Users\abdal\OneDrive\Desktop\clinicMS\ClinicMS.Web.Tests\bin\Release\net10.0\ClinicMS.Web.Tests.dll" adapterTypeName="executor://xunit/VsTestRunner3/netcore/" className="ClinicMS.Web.Tests.RequirePermissionFilterTests" name="NonAdminWithViewButNotDelete_DeniedOnlyForDelete" />
    </UnitTest>
    <UnitTest name="ClinicMS.Web.Tests.PatientCycleSessionTests.CompleteSession_MissingPaymentMethod_Throws" storage="c:\users\abdal\onedrive\desktop\clinicms\clinicms.web.tests\bin\release\net10.0\clinicms.web.tests.dll" id="b7ae8a0c-89bf-f912-bb43-e2f2e0189024">
      <Execution id="dcad0864-5254-4a6c-a744-3b26adc75fc1" />
      <TestMethod codeBase="C:\Users\abdal\OneDrive\Desktop\clinicMS\ClinicMS.Web.Tests\bin\Release\net10.0\ClinicMS.Web.Tests.dll" adapterTypeName="executor://xunit/VsTestRunner3/netcore/" className="ClinicMS.Web.Tests.PatientCycleSessionTests" name="CompleteSession_MissingPaymentMethod_Throws" />
    </UnitTest>
    <UnitTest name="ClinicMS.Web.Tests.PurchaseOrderTests.PurchaseReturn_OnANonReceivedOrder_Throws" storage="c:\users\abdal\onedrive\desktop\clinicms\clinicms.web.tests\bin\release\net10.0\clinicms.web.tests.dll" id="256662f4-909d-23d3-9523-56927085d36d">
      <Execution id="8b5af440-dded-4721-bfb7-42796bbe3382" />
      <TestMethod codeBase="C:\Users\abdal\OneDrive\Desktop\clinicMS\ClinicMS.Web.Tests\bin\Release\net10.0\ClinicMS.Web.Tests.dll" adapterTypeName="executor://xunit/VsTestRunner3/netcore/" className="ClinicMS.Web.Tests.PurchaseOrderTests" name="PurchaseReturn_OnANonReceivedOrder_Throws" />
    </UnitTest>
    <UnitTest name="ClinicMS.Web.Tests.PatientCycleSessionTests.CompleteSession_ZeroPaidAmount_Throws" storage="c:\users\abdal\onedrive\desktop\clinicms\clinicms.web.tests\bin\release\net10.0\clinicms.web.tests.dll" id="98c722d6-d54b-2c2c-40ea-eb9cd226ee9f">
      <Execution id="c5151129-c941-4280-b285-2a27c4c219ab" />
      <TestMethod codeBase="C:\Users\abdal\OneDrive\Desktop\clinicMS\ClinicMS.Web.Tests\bin\Release\net10.0\ClinicMS.Web.Tests.dll" adapterTypeName="executor://xunit/VsTestRunner3/netcore/" className="ClinicMS.Web.Tests.PatientCycleSessionTests" name="CompleteSession_ZeroPaidAmount_Throws" />
    </UnitTest>
    <UnitTest name="ClinicMS.Web.Tests.ExpensesBudgetTests.CreateAsync_NoAccountSelected_SkipsBudgetCheckEntirely" storage="c:\users\abdal\onedrive\desktop\clinicms\clinicms.web.tests\bin\release\net10.0\clinicms.web.tests.dll" id="99954dac-db33-686b-f2ee-0e97bcf267f8">
      <Execution id="b11e949e-dddc-4d76-ab64-5302dfc8f10a" />
      <TestMethod codeBase="C:\Users\abdal\OneDrive\Desktop\clinicMS\ClinicMS.Web.Tests\bin\Release\net10.0\ClinicMS.Web.Tests.dll" adapterTypeName="executor://xunit/VsTestRunner3/netcore/" className="ClinicMS.Web.Tests.ExpensesBudgetTests" name="CreateAsync_NoAccountSelected_SkipsBudgetCheckEntirely" />
    </UnitTest>
    <UnitTest name="ClinicMS.Web.Tests.PatientCycleSessionTests.CompleteSession_PaidAmountExceedingNetAmount_Throws" storage="c:\users\abdal\onedrive\desktop\clinicms\clinicms.web.tests\bin\release\net10.0\clinicms.web.tests.dll" id="311fa0fe-481e-b95a-e881-24eb590af469">
      <Execution id="f92cb6e4-fe5d-4b6b-b125-a24b4c9bdac1" />
      <TestMethod codeBase="C:\Users\abdal\OneDrive\Desktop\clinicMS\ClinicMS.Web.Tests\bin\Release\net10.0\ClinicMS.Web.Tests.dll" adapterTypeName="executor://xunit/VsTestRunner3/netcore/" className="ClinicMS.Web.Tests.PatientCycleSessionTests" name="CompleteSession_PaidAmountExceedingNetAmount_Throws" />
    </UnitTest>
    <UnitTest name="ClinicMS.Web.Tests.PatientCycleSessionTests.RecordCyclePayment_ReducesBalanceAndFlipsStatusToPaidWhenSettled" storage="c:\users\abdal\onedrive\desktop\clinicms\clinicms.web.tests\bin\release\net10.0\clinicms.web.tests.dll" id="357db0e5-2307-5be3-7ef0-8ede3c832b85">
      <Execution id="dcf22e21-d351-40e8-bd7e-83bba4b0181c" />
      <TestMethod codeBase="C:\Users\abdal\OneDrive\Desktop\clinicMS\ClinicMS.Web.Tests\bin\Release\net10.0\ClinicMS.Web.Tests.dll" adapterTypeName="executor://xunit/VsTestRunner3/netcore/" className="ClinicMS.Web.Tests.PatientCycleSessionTests" name="RecordCyclePayment_ReducesBalanceAndFlipsStatusToPaidWhenSettled" />
    </UnitTest>
    <UnitTest name="ClinicMS.Web.Tests.PurchaseOrderTests.ReceivingAnOrder_IncreasesStockAndLogsAnInMovement" storage="c:\users\abdal\onedrive\desktop\clinicms\clinicms.web.tests\bin\release\net10.0\clinicms.web.tests.dll" id="620437eb-c045-dad8-bbaa-d5e08dfe5de9">
      <Execution id="a6dc7a8f-3753-40a4-9214-49dae45ed57e" />
      <TestMethod codeBase="C:\Users\abdal\OneDrive\Desktop\clinicMS\ClinicMS.Web.Tests\bin\Release\net10.0\ClinicMS.Web.Tests.dll" adapterTypeName="executor://xunit/VsTestRunner3/netcore/" className="ClinicMS.Web.Tests.PurchaseOrderTests" name="ReceivingAnOrder_IncreasesStockAndLogsAnInMovement" />
    </UnitTest>
    <UnitTest name="ClinicMS.Web.Tests.ExpensesBudgetTests.CreateAsync_ExceedingRemainingBudget_Throws" storage="c:\users\abdal\onedrive\desktop\clinicms\clinicms.web.tests\bin\release\net10.0\clinicms.web.tests.dll" id="9705fa79-9a6f-d7ac-79f7-6527325d91d0">
      <Execution id="d7fce747-4445-42ef-a1dd-276a4d2aeb3c" />
      <TestMethod codeBase="C:\Users\abdal\OneDrive\Desktop\clinicMS\ClinicMS.Web.Tests\bin\Release\net10.0\ClinicMS.Web.Tests.dll" adapterTypeName="executor://xunit/VsTestRunner3/netcore/" className="ClinicMS.Web.Tests.ExpensesBudgetTests" name="CreateAsync_ExceedingRemainingBudget_Throws" />
    </UnitTest>
    <UnitTest name="ClinicMS.Web.Tests.PurchaseOrderTests.CreatePurchaseOrder_ComputesTotalAmountFromLineItems" storage="c:\users\abdal\onedrive\desktop\clinicms\clinicms.web.tests\bin\release\net10.0\clinicms.web.tests.dll" id="1c3b3ffe-3b2e-2546-e61d-de0eb9432ee2">
      <Execution id="b86efc60-6d6b-4c01-b8da-a1a7da88437e" />
      <TestMethod codeBase="C:\Users\abdal\OneDrive\Desktop\clinicMS\ClinicMS.Web.Tests\bin\Release\net10.0\ClinicMS.Web.Tests.dll" adapterTypeName="executor://xunit/VsTestRunner3/netcore/" className="ClinicMS.Web.Tests.PurchaseOrderTests" name="CreatePurchaseOrder_ComputesTotalAmountFromLineItems" />
    </UnitTest>
    <UnitTest name="ClinicMS.Web.Tests.RequirePermissionFilterTests.NoLoggedInUser_RedirectsToLogin_AndDoesNotProceed" storage="c:\users\abdal\onedrive\desktop\clinicms\clinicms.web.tests\bin\release\net10.0\clinicms.web.tests.dll" id="c727fba3-0412-3867-66c9-b2797bc212e5">
      <Execution id="3079a224-6dfb-4c3c-9308-72dd989d2265" />
      <TestMethod codeBase="C:\Users\abdal\OneDrive\Desktop\clinicMS\ClinicMS.Web.Tests\bin\Release\net10.0\ClinicMS.Web.Tests.dll" adapterTypeName="executor://xunit/VsTestRunner3/netcore/" className="ClinicMS.Web.Tests.RequirePermissionFilterTests" name="NoLoggedInUser_RedirectsToLogin_AndDoesNotProceed" />
    </UnitTest>
    <UnitTest name="ClinicMS.Web.Tests.PurchaseOrderTests.ChangingStatusOfAnAlreadyReceivedOrder_Throws" storage="c:\users\abdal\onedrive\desktop\clinicms\clinicms.web.tests\bin\release\net10.0\clinicms.web.tests.dll" id="0e0846d5-2226-7e43-b16e-c573a1d00000">
      <Execution id="60e2cfee-c839-401e-b091-c2225e0c043e" />
      <TestMethod codeBase="C:\Users\abdal\OneDrive\Desktop\clinicMS\ClinicMS.Web.Tests\bin\Release\net10.0\ClinicMS.Web.Tests.dll" adapterTypeName="executor://xunit/VsTestRunner3/netcore/" className="ClinicMS.Web.Tests.PurchaseOrderTests" name="ChangingStatusOfAnAlreadyReceivedOrder_Throws" />
    </UnitTest>
    <UnitTest name="ClinicMS.Web.Tests.PaymentsApiClientTests.GetAccountBreakdown_GroupsIncomeAndExpenseByAccountAndComputesNet" storage="c:\users\abdal\onedrive\desktop\clinicms\clinicms.web.tests\bin\release\net10.0\clinicms.web.tests.dll" id="60ca0166-1265-1af4-7525-dd0e958fc622">
      <Execution id="83c0d693-2e5b-4ec0-8ccf-a2e021fe88e1" />
      <TestMethod codeBase="C:\Users\abdal\OneDrive\Desktop\clinicMS\ClinicMS.Web.Tests\bin\Release\net10.0\ClinicMS.Web.Tests.dll" adapterTypeName="executor://xunit/VsTestRunner3/netcore/" className="ClinicMS.Web.Tests.PaymentsApiClientTests" name="GetAccountBreakdown_GroupsIncomeAndExpenseByAccountAndComputesNet" />
    </UnitTest>
    <UnitTest name="ClinicMS.Web.Tests.PaymentsApiClientTests.CreatePayment_ZeroOrNegativeAmount_Throws" storage="c:\users\abdal\onedrive\desktop\clinicms\clinicms.web.tests\bin\release\net10.0\clinicms.web.tests.dll" id="a7f5f2ac-4bed-a8e5-de18-dd773bc35b81">
      <Execution id="556a9c48-dffa-4cc2-8b59-fc918d7f1a8f" />
      <TestMethod codeBase="C:\Users\abdal\OneDrive\Desktop\clinicMS\ClinicMS.Web.Tests\bin\Release\net10.0\ClinicMS.Web.Tests.dll" adapterTypeName="executor://xunit/VsTestRunner3/netcore/" className="ClinicMS.Web.Tests.PaymentsApiClientTests" name="CreatePayment_ZeroOrNegativeAmount_Throws" />
    </UnitTest>
    <UnitTest name="ClinicMS.Web.Tests.SmsGatewaySecretMaskingTests.GetConfigurations_NeverReturnsTheRealSecretValues" storage="c:\users\abdal\onedrive\desktop\clinicms\clinicms.web.tests\bin\release\net10.0\clinicms.web.tests.dll" id="14d23f10-7265-075e-d989-c67efc2f9c1c">
      <Execution id="cc5c9fe1-6b54-433a-ac67-434accc21ad3" />
      <TestMethod codeBase="C:\Users\abdal\OneDrive\Desktop\clinicMS\ClinicMS.Web.Tests\bin\Release\net10.0\ClinicMS.Web.Tests.dll" adapterTypeName="executor://xunit/VsTestRunner3/netcore/" className="ClinicMS.Web.Tests.SmsGatewaySecretMaskingTests" name="GetConfigurations_NeverReturnsTheRealSecretValues" />
    </UnitTest>
    <UnitTest name="ClinicMS.Web.Tests.RequirePermissionFilterTests.NonAdminWithNoPermissionRow_GetRequest_RedirectsToAccessDenied" storage="c:\users\abdal\onedrive\desktop\clinicms\clinicms.web.tests\bin\release\net10.0\clinicms.web.tests.dll" id="9f91127a-61d9-e768-ffc4-b48ebfccff20">
      <Execution id="a8d17542-b5b7-4014-a657-10f4d78876b4" />
      <TestMethod codeBase="C:\Users\abdal\OneDrive\Desktop\clinicMS\ClinicMS.Web.Tests\bin\Release\net10.0\ClinicMS.Web.Tests.dll" adapterTypeName="executor://xunit/VsTestRunner3/netcore/" className="ClinicMS.Web.Tests.RequirePermissionFilterTests" name="NonAdminWithNoPermissionRow_GetRequest_RedirectsToAccessDenied" />
    </UnitTest>
  </TestDefinitions>
  <TestEntries>
    <TestEntry testId="884b7b75-7c03-b44a-d669-a22012ec0820" executionId="7c0175ef-4df3-4963-972b-166f5d60f0e0" testListId="8c84fa94-04c1-424b-9868-57a2d4851a1d" />
    <TestEntry testId="14d23f10-7265-075e-d989-c67efc2f9c1c" executionId="cc5c9fe1-6b54-433a-ac67-434accc21ad3" testListId="8c84fa94-04c1-424b-9868-57a2d4851a1d" />
    <TestEntry testId="adac668d-3249-30fe-e85f-61c3089e9e43" executionId="dbd14b69-ffef-4c62-85c7-10bdaded8ddd" testListId="8c84fa94-04c1-424b-9868-57a2d4851a1d" />
    <TestEntry testId="7375538e-4ff0-6623-9447-5f389b6041d4" executionId="9d37b255-d1db-4e03-819f-e771bc8e5d3c" testListId="8c84fa94-04c1-424b-9868-57a2d4851a1d" />
    <TestEntry testId="a7781823-73d4-8fd4-0580-31a3caa63328" executionId="15d7d2be-2ec0-4cd8-a9b7-1dd3303ec48a" testListId="8c84fa94-04c1-424b-9868-57a2d4851a1d" />
    <TestEntry testId="413d283f-ada7-3053-c6ba-cfbc1862c4aa" executionId="9f24b226-9473-49c1-9c37-5a7ade4f9551" testListId="8c84fa94-04c1-424b-9868-57a2d4851a1d" />
    <TestEntry testId="18ea0685-e5ed-e48b-fd70-f141b8d96604" executionId="1b276226-0b02-428e-9f93-7e94d64aa1c8" testListId="8c84fa94-04c1-424b-9868-57a2d4851a1d" />
    <TestEntry testId="31e127a4-dc0b-3cf9-157a-90f75f958629" executionId="c7c4a8df-638b-4b75-ae18-15682a8aaaf5" testListId="8c84fa94-04c1-424b-9868-57a2d4851a1d" />
    <TestEntry testId="0e0846d5-2226-7e43-b16e-c573a1d00000" executionId="60e2cfee-c839-401e-b091-c2225e0c043e" testListId="8c84fa94-04c1-424b-9868-57a2d4851a1d" />
    <TestEntry testId="07975943-3c7a-38f0-a3b3-cdc9fa0df07c" executionId="c9406b56-2fe7-4426-af19-849797ac12e2" testListId="8c84fa94-04c1-424b-9868-57a2d4851a1d" />
    <TestEntry testId="4cb2aa50-08d6-698a-7610-432ae6ae4854" executionId="97d0f9c8-0666-46c6-9a27-eafa851718da" testListId="8c84fa94-04c1-424b-9868-57a2d4851a1d" />
    <TestEntry testId="1c7bd097-2920-139e-24d9-5d0a811a399e" executionId="bf9137ad-fae4-45c8-b521-c9947a01ddcd" testListId="8c84fa94-04c1-424b-9868-57a2d4851a1d" />
    <TestEntry testId="decfe989-16fc-0716-d904-f6e5f51fd0fe" executionId="91348feb-242a-4360-842c-995c51d92b0a" testListId="8c84fa94-04c1-424b-9868-57a2d4851a1d" />
    <TestEntry testId="b7ae8a0c-89bf-f912-bb43-e2f2e0189024" executionId="dcad0864-5254-4a6c-a744-3b26adc75fc1" testListId="8c84fa94-04c1-424b-9868-57a2d4851a1d" />
    <TestEntry testId="9705fa79-9a6f-d7ac-79f7-6527325d91d0" executionId="d7fce747-4445-42ef-a1dd-276a4d2aeb3c" testListId="8c84fa94-04c1-424b-9868-57a2d4851a1d" />
    <TestEntry testId="6a820168-94e9-e366-df41-4c0757077d48" executionId="fd4283e0-e952-4737-9559-ed34d99d8ea3" testListId="8c84fa94-04c1-424b-9868-57a2d4851a1d" />
    <TestEntry testId="c9ba3bce-ec3a-2ce0-88e3-13fd7548fa33" executionId="8193c558-b8b1-43b4-ae0d-263c03fba486" testListId="8c84fa94-04c1-424b-9868-57a2d4851a1d" />
    <TestEntry testId="6d2a20a5-9116-7db9-a1a2-ea35cb5fb752" executionId="7c9b999b-e805-4c73-868b-93da3fbd8550" testListId="8c84fa94-04c1-424b-9868-57a2d4851a1d" />
    <TestEntry testId="44b72fd1-6d6c-937f-1cf6-757450b97b84" executionId="c410be56-44ff-47be-a0ee-1d9fc19d7ab1" testListId="8c84fa94-04c1-424b-9868-57a2d4851a1d" />
    <TestEntry testId="1f47f220-bbb6-182a-d944-677f6e1deb24" executionId="af91adb1-23ff-4084-8ee5-08c95789ce4c" testListId="8c84fa94-04c1-424b-9868-57a2d4851a1d" />
    <TestEntry testId="b169eac8-f6e3-186d-ddaf-ce1377633177" executionId="00735ee1-2a4f-42c2-9ea5-3633af542753" testListId="8c84fa94-04c1-424b-9868-57a2d4851a1d" />
    <TestEntry testId="2989c8dc-38d0-f962-0f07-8ea3632829d8" executionId="f388fbc2-8f80-4c8a-8de5-1d5086f9cb58" testListId="8c84fa94-04c1-424b-9868-57a2d4851a1d" />
    <TestEntry testId="256662f4-909d-23d3-9523-56927085d36d" executionId="8b5af440-dded-4721-bfb7-42796bbe3382" testListId="8c84fa94-04c1-424b-9868-57a2d4851a1d" />
    <TestEntry testId="311fa0fe-481e-b95a-e881-24eb590af469" executionId="f92cb6e4-fe5d-4b6b-b125-a24b4c9bdac1" testListId="8c84fa94-04c1-424b-9868-57a2d4851a1d" />
    <TestEntry testId="60ca0166-1265-1af4-7525-dd0e958fc622" executionId="83c0d693-2e5b-4ec0-8ccf-a2e021fe88e1" testListId="8c84fa94-04c1-424b-9868-57a2d4851a1d" />
    <TestEntry testId="ca2a4dc4-65b7-4172-922b-f44c30a28d75" executionId="a3358a63-13c6-4283-9beb-f0538f602746" testListId="8c84fa94-04c1-424b-9868-57a2d4851a1d" />
    <TestEntry testId="c727fba3-0412-3867-66c9-b2797bc212e5" executionId="3079a224-6dfb-4c3c-9308-72dd989d2265" testListId="8c84fa94-04c1-424b-9868-57a2d4851a1d" />
    <TestEntry testId="96ba34e6-5102-ce59-ecef-b975383e6978" executionId="9c873982-f6f2-4022-8a21-72fd6198c3ee" testListId="8c84fa94-04c1-424b-9868-57a2d4851a1d" />
    <TestEntry testId="701f0651-35e8-d292-a4b9-418af0ed11e1" executionId="0750fea5-4b41-4f80-a678-c2e673443665" testListId="8c84fa94-04c1-424b-9868-57a2d4851a1d" />
    <TestEntry testId="bcaf5ca6-6082-2814-0b05-76c6a4b281c0" executionId="ebcfbc5c-5dd7-446e-bfd4-11ee5ab17259" testListId="8c84fa94-04c1-424b-9868-57a2d4851a1d" />
    <TestEntry testId="41e85707-6d8f-53d0-45aa-02a2cac303e3" executionId="045d19f4-f912-48e3-a1a6-1ff1e681fd8a" testListId="8c84fa94-04c1-424b-9868-57a2d4851a1d" />
    <TestEntry testId="1c3b3ffe-3b2e-2546-e61d-de0eb9432ee2" executionId="b86efc60-6d6b-4c01-b8da-a1a7da88437e" testListId="8c84fa94-04c1-424b-9868-57a2d4851a1d" />
    <TestEntry testId="5093e793-8dea-ff2b-f05d-c0ecaf7430cc" executionId="07803aaa-4a13-412b-abfe-b8e20c6193b2" testListId="8c84fa94-04c1-424b-9868-57a2d4851a1d" />
    <TestEntry testId="9f91127a-61d9-e768-ffc4-b48ebfccff20" executionId="a8d17542-b5b7-4014-a657-10f4d78876b4" testListId="8c84fa94-04c1-424b-9868-57a2d4851a1d" />
    <TestEntry testId="63a7e888-dd8d-9bb2-969c-efad77fa82e1" executionId="ed801d65-67eb-4990-8819-45f44a31b811" testListId="8c84fa94-04c1-424b-9868-57a2d4851a1d" />
    <TestEntry testId="98c722d6-d54b-2c2c-40ea-eb9cd226ee9f" executionId="c5151129-c941-4280-b285-2a27c4c219ab" testListId="8c84fa94-04c1-424b-9868-57a2d4851a1d" />
    <TestEntry testId="056c1168-cd5b-fb35-7abe-25c56b3fa25e" executionId="a2b77dda-4102-4b60-877a-15bfe12a0680" testListId="8c84fa94-04c1-424b-9868-57a2d4851a1d" />
    <TestEntry testId="99954dac-db33-686b-f2ee-0e97bcf267f8" executionId="b11e949e-dddc-4d76-ab64-5302dfc8f10a" testListId="8c84fa94-04c1-424b-9868-57a2d4851a1d" />
    <TestEntry testId="a7f5f2ac-4bed-a8e5-de18-dd773bc35b81" executionId="556a9c48-dffa-4cc2-8b59-fc918d7f1a8f" testListId="8c84fa94-04c1-424b-9868-57a2d4851a1d" />
    <TestEntry testId="68e67c26-25d9-b840-bbe0-e95f266cccf4" executionId="b2952032-3e08-4318-925a-a68a864806d0" testListId="8c84fa94-04c1-424b-9868-57a2d4851a1d" />
    <TestEntry testId="180cf365-8fa6-a525-ba2f-d1f6f8c157de" executionId="6c7fe0f3-6055-41e3-a79a-96f67f9508a2" testListId="8c84fa94-04c1-424b-9868-57a2d4851a1d" />
    <TestEntry testId="357db0e5-2307-5be3-7ef0-8ede3c832b85" executionId="dcf22e21-d351-40e8-bd7e-83bba4b0181c" testListId="8c84fa94-04c1-424b-9868-57a2d4851a1d" />
    <TestEntry testId="b27f498e-c76f-3d12-c53b-a1b3566c6705" executionId="cc697dcb-55c6-4d57-96f2-ff82b210a795" testListId="8c84fa94-04c1-424b-9868-57a2d4851a1d" />
    <TestEntry testId="b37090b0-dc3e-f911-f026-061293361bb5" executionId="edfec132-7481-489d-b580-00a0d15e7aea" testListId="8c84fa94-04c1-424b-9868-57a2d4851a1d" />
    <TestEntry testId="3ca9816a-b275-a56d-32b2-e7160f9f6e79" executionId="16f1a056-48cc-4788-94d9-a2373263a66c" testListId="8c84fa94-04c1-424b-9868-57a2d4851a1d" />
    <TestEntry testId="984fdf9c-88dd-79c1-1340-9da36ee30da1" executionId="e139495b-681d-4397-beff-1ff4ecc96440" testListId="8c84fa94-04c1-424b-9868-57a2d4851a1d" />
    <TestEntry testId="45085429-0a7a-e2a8-62af-a084d37db118" executionId="0ae15a7c-f57f-42fa-a18d-478a95b10861" testListId="8c84fa94-04c1-424b-9868-57a2d4851a1d" />
    <TestEntry testId="620437eb-c045-dad8-bbaa-d5e08dfe5de9" executionId="a6dc7a8f-3753-40a4-9214-49dae45ed57e" testListId="8c84fa94-04c1-424b-9868-57a2d4851a1d" />
  </TestEntries>
  <TestLists>
    <TestList name="Results Not in a List" id="8c84fa94-04c1-424b-9868-57a2d4851a1d" />
    <TestList name="All Loaded Results" id="19431567-8539-422a-85d7-44ee4e166bda" />
  </TestLists>
  <ResultSummary outcome="Completed">
    <Counters total="48" executed="48" passed="48" failed="0" error="0" timeout="0" aborted="0" inconclusive="0" passedButRunAborted="0" notRunnable="0" notExecuted="0" disconnected="0" warning="0" completed="0" inProgress="0" pending="0" />
    <Output>
      <StdOut>[xUnit.net 00:00:00.00] xUnit.net VSTest Adapter v3.1.4+50e68bbb8b (64-bit .NET 10.0.9)&#xD;
[xUnit.net 00:00:01.37]   Discovering: ClinicMS.Web.Tests&#xD;
[xUnit.net 00:00:01.49]   Discovered:  ClinicMS.Web.Tests&#xD;
[xUnit.net 00:00:01.56]   Starting:    ClinicMS.Web.Tests&#xD;
[xUnit.net 00:00:05.98]   Finished:    ClinicMS.Web.Tests&#xD;
</StdOut>
    </Output>
  </ResultSummary>
</TestRun>